# JRE version: Java(TM) SE Runtime Environment (8.0_71-b15) (build 1.8.0_71-b15)
# Java VM: Java HotSpot(TM) 64-Bit Server VM (25.71-b15 mixed mode windows-amd64 compressed oops)
Heap:
 PSYoungGen      total 58880K, used 23151K [0x00000000eed80000, 0x00000000f2c80000, 0x0000000100000000)
  eden space 53248K, 41% used [0x00000000eed80000,0x00000000f031bbe0,0x00000000f2180000)
  from space 5632K, 18% used [0x00000000f2700000,0x00000000f2800020,0x00000000f2c80000)
  to   space 5632K, 0% used [0x00000000f2180000,0x00000000f2180000,0x00000000f2700000)
 ParOldGen       total 35840K, used 5398K [0x00000000cc800000, 0x00000000ceb00000, 0x00000000eed80000)
  object space 35840K, 15% used [0x00000000cc800000,0x00000000ccd45958,0x00000000ceb00000)
 Metaspace       used 8427K, capacity 8691K, committed 8960K, reserved 1056768K
  class space    used 858K, capacity 940K, committed 1024K, reserved 1048576K
GC Heap History (10 events):
Event: 1.878 GC heap before
{Heap before GC invocations=2 (full 0):
 PSYoungGen      total 15360K, used 15328K [0x00000000eed80000, 0x00000000efe80000, 0x0000000100000000)
  eden space 13312K, 100% used [0x00000000eed80000,0x00000000efa80000,0x00000000efa80000)
  from space 2048K, 98% used [0x00000000efa80000,0x00000000efc78030,0x00000000efc80000)
  to   space 2048K, 0% used [0x00000000efc80000,0x00000000efc80000,0x00000000efe80000)
 ParOldGen       total 35840K, used 3326K [0x00000000cc800000, 0x00000000ceb00000, 0x00000000eed80000)
  object space 35840K, 9% used [0x00000000cc800000,0x00000000ccb3f938,0x00000000ceb00000)
 Metaspace       used 8173K, capacity 8395K, committed 8704K, reserved 1056768K
  class space    used 829K, capacity 914K, committed 1024K, reserved 1048576K
Event: 1.885 GC heap after
Heap after GC invocations=2 (full 0):
 PSYoungGen      total 15360K, used 1952K [0x00000000eed80000, 0x00000000f0b80000, 0x0000000100000000)
  eden space 13312K, 0% used [0x00000000eed80000,0x00000000eed80000,0x00000000efa80000)
  from space 2048K, 95% used [0x00000000efc80000,0x00000000efe68010,0x00000000efe80000)
  to   space 2048K, 0% used [0x00000000efa80000,0x00000000efa80000,0x00000000efc80000)
 ParOldGen       total 35840K, used 5382K [0x00000000cc800000, 0x00000000ceb00000, 0x00000000eed80000)
  object space 35840K, 15% used [0x00000000cc800000,0x00000000ccd41958,0x00000000ceb00000)
 Metaspace       used 8173K, capacity 8395K, committed 8704K, reserved 1056768K
  class space    used 829K, capacity 914K, committed 1024K, reserved 1048576K
}
Event: 2.092 GC heap before
{Heap before GC invocations=3 (full 0):
 PSYoungGen      total 15360K, used 15264K [0x00000000eed80000, 0x00000000f0b80000, 0x0000000100000000)
  eden space 13312K, 100% used [0x00000000eed80000,0x00000000efa80000,0x00000000efa80000)
  from space 2048K, 95% used [0x00000000efc80000,0x00000000efe68010,0x00000000efe80000)
  to   space 2048K, 0% used [0x00000000efa80000,0x00000000efa80000,0x00000000efc80000)
 ParOldGen       total 35840K, used 5382K [0x00000000cc800000, 0x00000000ceb00000, 0x00000000eed80000)
  object space 35840K, 15% used [0x00000000cc800000,0x00000000ccd41958,0x00000000ceb00000)
 Metaspace       used 8225K, capacity 8395K, committed 8704K, reserved 1056768K
  class space    used 832K, capacity 914K, committed 1024K, reserved 1048576K
Event: 2.095 GC heap after
Heap after GC invocations=3 (full 0):
 PSYoungGen      total 15360K, used 992K [0x00000000eed80000, 0x00000000f0b80000, 0x0000000100000000)
  eden space 13312K, 0% used [0x00000000eed80000,0x00000000eed80000,0x00000000efa80000)
  from space 2048K, 48% used [0x00000000efa80000,0x00000000efb78020,0x00000000efc80000)
  to   space 2048K, 0% used [0x00000000f0980000,0x00000000f0980000,0x00000000f0b80000)
 ParOldGen       total 35840K, used 5390K [0x00000000cc800000, 0x00000000ceb00000, 0x00000000eed80000)
  object space 35840K, 15% used [0x00000000cc800000,0x00000000ccd43958,0x00000000ceb00000)
 Metaspace       used 8225K, capacity 8395K, committed 8704K, reserved 1056768K
  class space    used 832K, capacity 914K, committed 1024K, reserved 1048576K
}
Event: 2.180 GC heap before
{Heap before GC invocations=4 (full 0):
 PSYoungGen      total 15360K, used 14304K [0x00000000eed80000, 0x00000000f0b80000, 0x0000000100000000)
  eden space 13312K, 100% used [0x00000000eed80000,0x00000000efa80000,0x00000000efa80000)
  from space 2048K, 48% used [0x00000000efa80000,0x00000000efb78020,0x00000000efc80000)
  to   space 2048K, 0% used [0x00000000f0980000,0x00000000f0980000,0x00000000f0b80000)
 ParOldGen       total 35840K, used 5390K [0x00000000cc800000, 0x00000000ceb00000, 0x00000000eed80000)
  object space 35840K, 15% used [0x00000000cc800000,0x00000000ccd43958,0x00000000ceb00000)
 Metaspace       used 8225K, capacity 8395K, committed 8704K, reserved 1056768K
  class space    used 832K, capacity 914K, committed 1024K, reserved 1048576K
Event: 2.182 GC heap after
Heap after GC invocations=4 (full 0):
 PSYoungGen      total 28672K, used 928K [0x00000000eed80000, 0x00000000f0b80000, 0x0000000100000000)
  eden space 26624K, 0% used [0x00000000eed80000,0x00000000eed80000,0x00000000f0780000)
  from space 2048K, 45% used [0x00000000f0980000,0x00000000f0a68000,0x00000000f0b80000)
  to   space 2048K, 0% used [0x00000000f0780000,0x00000000f0780000,0x00000000f0980000)
 ParOldGen       total 35840K, used 5390K [0x00000000cc800000, 0x00000000ceb00000, 0x00000000eed80000)
  object space 35840K, 15% used [0x00000000cc800000,0x00000000ccd43958,0x00000000ceb00000)
 Metaspace       used 8225K, capacity 8395K, committed 8704K, reserved 1056768K
  class space    used 832K, capacity 914K, committed 1024K, reserved 1048576K
}
Event: 2.374 GC heap before
{Heap before GC invocations=5 (full 0):
 PSYoungGen      total 28672K, used 27552K [0x00000000eed80000, 0x00000000f0b80000, 0x0000000100000000)
  eden space 26624K, 100% used [0x00000000eed80000,0x00000000f0780000,0x00000000f0780000)
  from space 2048K, 45% used [0x00000000f0980000,0x00000000f0a68000,0x00000000f0b80000)
  to   space 2048K, 0% used [0x00000000f0780000,0x00000000f0780000,0x00000000f0980000)
 ParOldGen       total 35840K, used 5390K [0x00000000cc800000, 0x00000000ceb00000, 0x00000000eed80000)
  object space 35840K, 15% used [0x00000000cc800000,0x00000000ccd43958,0x00000000ceb00000)
 Metaspace       used 8225K, capacity 8395K, committed 8704K, reserved 1056768K
  class space    used 832K, capacity 914K, committed 1024K, reserved 1048576K
Event: 2.377 GC heap after
Heap after GC invocations=5 (full 0):
 PSYoungGen      total 28672K, used 928K [0x00000000eed80000, 0x00000000f2c80000, 0x0000000100000000)
  eden space 26624K, 0% used [0x00000000eed80000,0x00000000eed80000,0x00000000f0780000)
  from space 2048K, 45% used [0x00000000f0780000,0x00000000f0868000,0x00000000f0980000)
  to   space 5632K, 0% used [0x00000000f2700000,0x00000000f2700000,0x00000000f2c80000)
 ParOldGen       total 35840K, used 5390K [0x00000000cc800000, 0x00000000ceb00000, 0x00000000eed80000)
  object space 35840K, 15% used [0x00000000cc800000,0x00000000ccd43958,0x00000000ceb00000)
 Metaspace       used 8225K, capacity 8395K, committed 8704K, reserved 1056768K
  class space    used 832K, capacity 914K, committed 1024K, reserved 1048576K
}
Event: 4.633 GC heap before
{Heap before GC invocations=6 (full 0):
 PSYoungGen      total 28672K, used 27552K [0x00000000eed80000, 0x00000000f2c80000, 0x0000000100000000)
  eden space 26624K, 100% used [0x00000000eed80000,0x00000000f0780000,0x00000000f0780000)
  from space 2048K, 45% used [0x00000000f0780000,0x00000000f0868000,0x00000000f0980000)
  to   space 5632K, 0% used [0x00000000f2700000,0x00000000f2700000,0x00000000f2c80000)
 ParOldGen       total 35840K, used 5390K [0x00000000cc800000, 0x00000000ceb00000, 0x00000000eed80000)
  object space 35840K, 15% used [0x00000000cc800000,0x00000000ccd43958,0x00000000ceb00000)
 Metaspace       used 8407K, capacity 8683K, committed 8960K, reserved 1056768K
  class space    used 856K, capacity 940K, committed 1024K, reserved 1048576K
Event: 4.636 GC heap after
Heap after GC invocations=6 (full 0):
 PSYoungGen      total 58880K, used 1024K [0x00000000eed80000, 0x00000000f2c80000, 0x0000000100000000)
  eden space 53248K, 0% used [0x00000000eed80000,0x00000000eed80000,0x00000000f2180000)
  from space 5632K, 18% used [0x00000000f2700000,0x00000000f2800020,0x00000000f2c80000)
  to   space 5632K, 0% used [0x00000000f2180000,0x00000000f2180000,0x00000000f2700000)
 ParOldGen       total 35840K, used 5398K [0x00000000cc800000, 0x00000000ceb00000, 0x00000000eed80000)
  object space 35840K, 15% used [0x00000000cc800000,0x00000000ccd45958,0x00000000ceb00000)
 Metaspace       used 8407K, capacity 8683K, committed 8960K, reserved 1056768K
  class space    used 856K, capacity 940K, committed 1024K, reserved 1048576K
}

