# JRE version: Java(TM) SE Runtime Environment (8.0_71-b15) (build 1.8.0_71-b15)
# Java VM: Java HotSpot(TM) 64-Bit Server VM (25.71-b15 mixed mode windows-amd64 compressed oops)
Heap:
 PSYoungGen      total 57856K, used 20945K [0x00000000eed80000, 0x00000000f5e80000, 0x0000000100000000)
  eden space 53248K, 39% used [0x00000000eed80000,0x00000000f01cc530,0x00000000f2180000)
  from space 4608K, 3% used [0x00000000f2180000,0x00000000f21a8000,0x00000000f2600000)
  to   space 4608K, 0% used [0x00000000f5a00000,0x00000000f5a00000,0x00000000f5e80000)
 ParOldGen       total 35840K, used 4218K [0x00000000cc800000, 0x00000000ceb00000, 0x00000000eed80000)
  object space 35840K, 11% used [0x00000000cc800000,0x00000000ccc1e8a8,0x00000000ceb00000)
 Metaspace       used 8486K, capacity 8783K, committed 8960K, reserved 1056768K
  class space    used 858K, capacity 940K, committed 1024K, reserved 1048576K
GC Heap History (10 events):
Event: 1.806 GC heap before
{Heap before GC invocations=3 (full 0):
 PSYoungGen      total 15360K, used 15264K [0x00000000eed80000, 0x00000000f0b80000, 0x0000000100000000)
  eden space 13312K, 100% used [0x00000000eed80000,0x00000000efa80000,0x00000000efa80000)
  from space 2048K, 95% used [0x00000000efc80000,0x00000000efe68010,0x00000000efe80000)
  to   space 2048K, 0% used [0x00000000efa80000,0x00000000efa80000,0x00000000efc80000)
 ParOldGen       total 35840K, used 3328K [0x00000000cc800000, 0x00000000ceb00000, 0x00000000eed80000)
  object space 35840K, 9% used [0x00000000cc800000,0x00000000ccb40000,0x00000000ceb00000)
 Metaspace       used 8202K, capacity 8395K, committed 8704K, reserved 1056768K
  class space    used 832K, capacity 914K, committed 1024K, reserved 1048576K
Event: 1.809 GC heap after
Heap after GC invocations=3 (full 0):
 PSYoungGen      total 15360K, used 976K [0x00000000eed80000, 0x00000000f0b80000, 0x0000000100000000)
  eden space 13312K, 0% used [0x00000000eed80000,0x00000000eed80000,0x00000000efa80000)
  from space 2048K, 47% used [0x00000000efa80000,0x00000000efb74010,0x00000000efc80000)
  to   space 2048K, 0% used [0x00000000f0980000,0x00000000f0980000,0x00000000f0b80000)
 ParOldGen       total 35840K, used 3336K [0x00000000cc800000, 0x00000000ceb00000, 0x00000000eed80000)
  object space 35840K, 9% used [0x00000000cc800000,0x00000000ccb42000,0x00000000ceb00000)
 Metaspace       used 8202K, capacity 8395K, committed 8704K, reserved 1056768K
  class space    used 832K, capacity 914K, committed 1024K, reserved 1048576K
}
Event: 1.911 GC heap before
{Heap before GC invocations=4 (full 0):
 PSYoungGen      total 15360K, used 14288K [0x00000000eed80000, 0x00000000f0b80000, 0x0000000100000000)
  eden space 13312K, 100% used [0x00000000eed80000,0x00000000efa80000,0x00000000efa80000)
  from space 2048K, 47% used [0x00000000efa80000,0x00000000efb74010,0x00000000efc80000)
  to   space 2048K, 0% used [0x00000000f0980000,0x00000000f0980000,0x00000000f0b80000)
 ParOldGen       total 35840K, used 3336K [0x00000000cc800000, 0x00000000ceb00000, 0x00000000eed80000)
  object space 35840K, 9% used [0x00000000cc800000,0x00000000ccb42000,0x00000000ceb00000)
 Metaspace       used 8202K, capacity 8395K, committed 8704K, reserved 1056768K
  class space    used 832K, capacity 914K, committed 1024K, reserved 1048576K
Event: 1.918 GC heap after
Heap after GC invocations=4 (full 0):
 PSYoungGen      total 28672K, used 944K [0x00000000eed80000, 0x00000000f0b80000, 0x0000000100000000)
  eden space 26624K, 0% used [0x00000000eed80000,0x00000000eed80000,0x00000000f0780000)
  from space 2048K, 46% used [0x00000000f0980000,0x00000000f0a6c010,0x00000000f0b80000)
  to   space 2048K, 0% used [0x00000000f0780000,0x00000000f0780000,0x00000000f0980000)
 ParOldGen       total 35840K, used 3336K [0x00000000cc800000, 0x00000000ceb00000, 0x00000000eed80000)
  object space 35840K, 9% used [0x00000000cc800000,0x00000000ccb42000,0x00000000ceb00000)
 Metaspace       used 8202K, capacity 8395K, committed 8704K, reserved 1056768K
  class space    used 832K, capacity 914K, committed 1024K, reserved 1048576K
}
Event: 2.087 GC heap before
{Heap before GC invocations=5 (full 0):
 PSYoungGen      total 28672K, used 27568K [0x00000000eed80000, 0x00000000f0b80000, 0x0000000100000000)
  eden space 26624K, 100% used [0x00000000eed80000,0x00000000f0780000,0x00000000f0780000)
  from space 2048K, 46% used [0x00000000f0980000,0x00000000f0a6c010,0x00000000f0b80000)
  to   space 2048K, 0% used [0x00000000f0780000,0x00000000f0780000,0x00000000f0980000)
 ParOldGen       total 35840K, used 3336K [0x00000000cc800000, 0x00000000ceb00000, 0x00000000eed80000)
  object space 35840K, 9% used [0x00000000cc800000,0x00000000ccb42000,0x00000000ceb00000)
 Metaspace       used 8202K, capacity 8395K, committed 8704K, reserved 1056768K
  class space    used 832K, capacity 914K, committed 1024K, reserved 1048576K
Event: 2.090 GC heap after
Heap after GC invocations=5 (full 0):
 PSYoungGen      total 28672K, used 960K [0x00000000eed80000, 0x00000000f2b80000, 0x0000000100000000)
  eden space 26624K, 0% used [0x00000000eed80000,0x00000000eed80000,0x00000000f0780000)
  from space 2048K, 46% used [0x00000000f0780000,0x00000000f0870000,0x00000000f0980000)
  to   space 5120K, 0% used [0x00000000f2680000,0x00000000f2680000,0x00000000f2b80000)
 ParOldGen       total 35840K, used 3336K [0x00000000cc800000, 0x00000000ceb00000, 0x00000000eed80000)
  object space 35840K, 9% used [0x00000000cc800000,0x00000000ccb42000,0x00000000ceb00000)
 Metaspace       used 8202K, capacity 8395K, committed 8704K, reserved 1056768K
  class space    used 832K, capacity 914K, committed 1024K, reserved 1048576K
}
Event: 4.215 GC heap before
{Heap before GC invocations=6 (full 0):
 PSYoungGen      total 28672K, used 27584K [0x00000000eed80000, 0x00000000f2b80000, 0x0000000100000000)
  eden space 26624K, 100% used [0x00000000eed80000,0x00000000f0780000,0x00000000f0780000)
  from space 2048K, 46% used [0x00000000f0780000,0x00000000f0870000,0x00000000f0980000)
  to   space 5120K, 0% used [0x00000000f2680000,0x00000000f2680000,0x00000000f2b80000)
 ParOldGen       total 35840K, used 3336K [0x00000000cc800000, 0x00000000ceb00000, 0x00000000eed80000)
  object space 35840K, 9% used [0x00000000cc800000,0x00000000ccb42000,0x00000000ceb00000)
 Metaspace       used 8397K, capacity 8691K, committed 8960K, reserved 1056768K
  class space    used 856K, capacity 940K, committed 1024K, reserved 1048576K
Event: 4.224 GC heap after
Heap after GC invocations=6 (full 0):
 PSYoungGen      total 57344K, used 1040K [0x00000000eed80000, 0x00000000f2a80000, 0x0000000100000000)
  eden space 53248K, 0% used [0x00000000eed80000,0x00000000eed80000,0x00000000f2180000)
  from space 4096K, 25% used [0x00000000f2680000,0x00000000f2784010,0x00000000f2a80000)
  to   space 4608K, 0% used [0x00000000f2180000,0x00000000f2180000,0x00000000f2600000)
 ParOldGen       total 35840K, used 3336K [0x00000000cc800000, 0x00000000ceb00000, 0x00000000eed80000)
  object space 35840K, 9% used [0x00000000cc800000,0x00000000ccb42000,0x00000000ceb00000)
 Metaspace       used 8397K, capacity 8691K, committed 8960K, reserved 1056768K
  class space    used 856K, capacity 940K, committed 1024K, reserved 1048576K
}
Event: 8.573 GC heap before
{Heap before GC invocations=7 (full 0):
 PSYoungGen      total 57344K, used 54288K [0x00000000eed80000, 0x00000000f2a80000, 0x0000000100000000)
  eden space 53248K, 100% used [0x00000000eed80000,0x00000000f2180000,0x00000000f2180000)
  from space 4096K, 25% used [0x00000000f2680000,0x00000000f2784010,0x00000000f2a80000)
  to   space 4608K, 0% used [0x00000000f2180000,0x00000000f2180000,0x00000000f2600000)
 ParOldGen       total 35840K, used 3336K [0x00000000cc800000, 0x00000000ceb00000, 0x00000000eed80000)
  object space 35840K, 9% used [0x00000000cc800000,0x00000000ccb42000,0x00000000ceb00000)
 Metaspace       used 8458K, capacity 8703K, committed 8960K, reserved 1056768K
  class space    used 856K, capacity 940K, committed 1024K, reserved 1048576K
Event: 8.577 GC heap after
Heap after GC invocations=7 (full 0):
 PSYoungGen      total 57856K, used 160K [0x00000000eed80000, 0x00000000f5e80000, 0x0000000100000000)
  eden space 53248K, 0% used [0x00000000eed80000,0x00000000eed80000,0x00000000f2180000)
  from space 4608K, 3% used [0x00000000f2180000,0x00000000f21a8000,0x00000000f2600000)
  to   space 4608K, 0% used [0x00000000f5a00000,0x00000000f5a00000,0x00000000f5e80000)
 ParOldGen       total 35840K, used 4218K [0x00000000cc800000, 0x00000000ceb00000, 0x00000000eed80000)
  object space 35840K, 11% used [0x00000000cc800000,0x00000000ccc1e8a8,0x00000000ceb00000)
 Metaspace       used 8458K, capacity 8703K, committed 8960K, reserved 1056768K
  class space    used 856K, capacity 940K, committed 1024K, reserved 1048576K
}

